[debug] [2021-01-02T17:13:13.551Z] ----------------------------------------------------------------------
[debug] [2021-01-02T17:13:13.554Z] Command:       /usr/local/bin/node /usr/local/bin/firebase emulators:start --only functions
[debug] [2021-01-02T17:13:13.554Z] CLI Version:   9.1.0
[debug] [2021-01-02T17:13:13.555Z] Platform:      darwin
[debug] [2021-01-02T17:13:13.555Z] Node Version:  v12.14.0
[debug] [2021-01-02T17:13:13.556Z] Time:          Sun Jan 03 2021 02:13:13 GMT+0900 (Japan Standard Time)
[debug] [2021-01-02T17:13:13.556Z] ----------------------------------------------------------------------
[debug] [2021-01-02T17:13:13.556Z] 
[debug] [2021-01-02T17:13:13.575Z] > command requires scopes: ["email","openid","https://www.googleapis.com/auth/cloudplatformprojects.readonly","https://www.googleapis.com/auth/firebase","https://www.googleapis.com/auth/cloud-platform"]
[debug] [2021-01-02T17:13:13.576Z] > authorizing via signed-in user
[info] i  emulators: Starting emulators: functions {"metadata":{"emulator":{"name":"hub"},"message":"Starting emulators: functions"}}
[debug] [2021-01-02T17:13:13.606Z] [hub] writing locator at /var/folders/s1/sp28vg0j2cn5gqmy80p6571w0000gn/T/hub-coffeeact-82bb4.json
[warn] ⚠  functions: The following emulators are not running, calls to these services from the Functions emulator will affect production: auth, firestore, database, hosting, pubsub {"metadata":{"emulator":{"name":"functions"},"message":"The following emulators are not running, calls to these services from the Functions emulator will affect production: \u001b[1mauth, firestore, database, hosting, pubsub\u001b[22m"}}
[info] ✔  functions: Using node@12 from host. {"metadata":{"emulator":{"name":"functions"},"message":"Using node@12 from host."}}
[debug] [2021-01-02T17:13:13.651Z] defaultcredentials: writing to file /Users/t_negishi/.config/firebase/yk_ngsyk_gmail.com_application_default_credentials.json
[debug] [2021-01-02T17:13:13.656Z] Setting GAC to /Users/t_negishi/.config/firebase/yk_ngsyk_gmail.com_application_default_credentials.json {"metadata":{"emulator":{"name":"functions"},"message":"Setting GAC to /Users/t_negishi/.config/firebase/yk_ngsyk_gmail.com_application_default_credentials.json"}}
[debug] [2021-01-02T17:13:13.930Z] Ignoring unsupported arg: auto_download {"metadata":{"emulator":{"name":"ui"},"message":"Ignoring unsupported arg: auto_download"}}
[debug] [2021-01-02T17:13:13.930Z] Ignoring unsupported arg: port {"metadata":{"emulator":{"name":"ui"},"message":"Ignoring unsupported arg: port"}}
[debug] [2021-01-02T17:13:13.931Z] Starting Emulator UI with command {"binary":"node","args":["/Users/t_negishi/.cache/firebase/emulators/ui-v1.4.1/server.bundle.js"],"optionalArgs":[],"joinArgs":false} {"metadata":{"emulator":{"name":"ui"},"message":"Starting Emulator UI with command {\"binary\":\"node\",\"args\":[\"/Users/t_negishi/.cache/firebase/emulators/ui-v1.4.1/server.bundle.js\"],\"optionalArgs\":[],\"joinArgs\":false}"}}
[info] i  ui: Emulator UI logging to ui-debug.log {"metadata":{"emulator":{"name":"ui"},"message":"Emulator UI logging to \u001b[1mui-debug.log\u001b[22m"}}
[debug] [2021-01-02T17:13:14.124Z] Web / API server started at http://localhost:4000
 {"metadata":{"emulator":{"name":"ui"},"message":"Web / API server started at http://localhost:4000\n"}}
[info] i  functions: Watching "/Users/t_negishi/work/backend/functions" for Cloud Functions... {"metadata":{"emulator":{"name":"functions"},"message":"Watching \"/Users/t_negishi/work/backend/functions\" for Cloud Functions..."}}
[debug] [2021-01-02T17:13:14.216Z] [worker-pool] addWorker(~diagnostic~) {"metadata":{"emulator":{"name":"functions"},"message":"[worker-pool] addWorker(~diagnostic~)"}}
[debug] [2021-01-02T17:13:14.216Z] [worker-pool] Adding worker with key ~diagnostic~, total=1 {"metadata":{"emulator":{"name":"functions"},"message":"[worker-pool] Adding worker with key ~diagnostic~, total=1"}}
[debug] [2021-01-02T17:13:14.216Z] [worker-pool] submitWork(triggerId=) {"metadata":{"emulator":{"name":"functions"},"message":"[worker-pool] submitWork(triggerId=)"}}
[debug] [2021-01-02T17:13:14.217Z] [worker-~diagnostic~-378e61d8-b748-48bb-b7d1-2bbe1c160779]: Assigning socketPath: /var/folders/s1/sp28vg0j2cn5gqmy80p6571w0000gn/T/fire_emu_91802.sock {"metadata":{"emulator":{"name":"functions"},"message":"[worker-~diagnostic~-378e61d8-b748-48bb-b7d1-2bbe1c160779]: Assigning socketPath: /var/folders/s1/sp28vg0j2cn5gqmy80p6571w0000gn/T/fire_emu_91802.sock"}}
[debug] [2021-01-02T17:13:14.217Z] [worker-~diagnostic~-378e61d8-b748-48bb-b7d1-2bbe1c160779]: BUSY {"metadata":{"emulator":{"name":"functions"},"message":"[worker-~diagnostic~-378e61d8-b748-48bb-b7d1-2bbe1c160779]: BUSY"}}
[debug] [2021-01-02T17:13:14.461Z] [runtime-status] [91802] Functions runtime initialized. {"cwd":"/Users/t_negishi/work/backend/functions","node_version":"12.14.0"} {"metadata":{"emulator":{"name":"functions"},"message":"[runtime-status] [91802] Functions runtime initialized. {\"cwd\":\"/Users/t_negishi/work/backend/functions\",\"node_version\":\"12.14.0\"}"}}
[debug] [2021-01-02T17:13:14.462Z] [runtime-status] [91802] Disabled runtime features: undefined {"metadata":{"emulator":{"name":"functions"},"message":"[runtime-status] [91802] Disabled runtime features: undefined"}}
[debug] [2021-01-02T17:13:14.465Z] [runtime-status] [91802] Resolved module firebase-admin {"declared":true,"installed":true,"version":"9.4.2","resolution":"/Users/t_negishi/work/backend/functions/node_modules/firebase-admin/lib/index.js"} {"metadata":{"emulator":{"name":"functions"},"message":"[runtime-status] [91802] Resolved module firebase-admin {\"declared\":true,\"installed\":true,\"version\":\"9.4.2\",\"resolution\":\"/Users/t_negishi/work/backend/functions/node_modules/firebase-admin/lib/index.js\"}"}}
[debug] [2021-01-02T17:13:14.467Z] [runtime-status] [91802] Resolved module firebase-functions {"declared":true,"installed":true,"version":"3.13.0","resolution":"/Users/t_negishi/work/backend/functions/node_modules/firebase-functions/lib/index.js"} {"metadata":{"emulator":{"name":"functions"},"message":"[runtime-status] [91802] Resolved module firebase-functions {\"declared\":true,\"installed\":true,\"version\":\"3.13.0\",\"resolution\":\"/Users/t_negishi/work/backend/functions/node_modules/firebase-functions/lib/index.js\"}"}}
[debug] [2021-01-02T17:13:14.468Z] [runtime-status] [91802] Resolved module firebase-functions {"declared":true,"installed":true,"version":"3.13.0","resolution":"/Users/t_negishi/work/backend/functions/node_modules/firebase-functions/lib/index.js"} {"metadata":{"emulator":{"name":"functions"},"message":"[runtime-status] [91802] Resolved module firebase-functions {\"declared\":true,\"installed\":true,\"version\":\"3.13.0\",\"resolution\":\"/Users/t_negishi/work/backend/functions/node_modules/firebase-functions/lib/index.js\"}"}}
[debug] [2021-01-02T17:13:14.471Z] [runtime-status] [91802] Outgoing network have been stubbed. [{"name":"http","status":"mocked"},{"name":"http","status":"mocked"},{"name":"https","status":"mocked"},{"name":"https","status":"mocked"},{"name":"net","status":"mocked"}] {"metadata":{"emulator":{"name":"functions"},"message":"[runtime-status] [91802] Outgoing network have been stubbed. [{\"name\":\"http\",\"status\":\"mocked\"},{\"name\":\"http\",\"status\":\"mocked\"},{\"name\":\"https\",\"status\":\"mocked\"},{\"name\":\"https\",\"status\":\"mocked\"},{\"name\":\"net\",\"status\":\"mocked\"}]"}}
[debug] [2021-01-02T17:13:14.472Z] [runtime-status] [91802] Resolved module firebase-functions {"declared":true,"installed":true,"version":"3.13.0","resolution":"/Users/t_negishi/work/backend/functions/node_modules/firebase-functions/lib/index.js"} {"metadata":{"emulator":{"name":"functions"},"message":"[runtime-status] [91802] Resolved module firebase-functions {\"declared\":true,\"installed\":true,\"version\":\"3.13.0\",\"resolution\":\"/Users/t_negishi/work/backend/functions/node_modules/firebase-functions/lib/index.js\"}"}}
[debug] [2021-01-02T17:13:14.572Z] [runtime-status] [91802] Checked functions.config() {"config":{}} {"metadata":{"emulator":{"name":"functions"},"message":"[runtime-status] [91802] Checked functions.config() {\"config\":{}}"}}
[debug] [2021-01-02T17:13:14.572Z] [runtime-status] [91802] firebase-functions has been stubbed. {"functionsResolution":{"declared":true,"installed":true,"version":"3.13.0","resolution":"/Users/t_negishi/work/backend/functions/node_modules/firebase-functions/lib/index.js"}} {"metadata":{"emulator":{"name":"functions"},"message":"[runtime-status] [91802] firebase-functions has been stubbed. {\"functionsResolution\":{\"declared\":true,\"installed\":true,\"version\":\"3.13.0\",\"resolution\":\"/Users/t_negishi/work/backend/functions/node_modules/firebase-functions/lib/index.js\"}}"}}
[debug] [2021-01-02T17:13:14.573Z] [runtime-status] [91802] Resolved module firebase-functions {"declared":true,"installed":true,"version":"3.13.0","resolution":"/Users/t_negishi/work/backend/functions/node_modules/firebase-functions/lib/index.js"} {"metadata":{"emulator":{"name":"functions"},"message":"[runtime-status] [91802] Resolved module firebase-functions {\"declared\":true,\"installed\":true,\"version\":\"3.13.0\",\"resolution\":\"/Users/t_negishi/work/backend/functions/node_modules/firebase-functions/lib/index.js\"}"}}
[debug] [2021-01-02T17:13:14.574Z] [runtime-status] [91802] Resolved module firebase-admin {"declared":true,"installed":true,"version":"9.4.2","resolution":"/Users/t_negishi/work/backend/functions/node_modules/firebase-admin/lib/index.js"} {"metadata":{"emulator":{"name":"functions"},"message":"[runtime-status] [91802] Resolved module firebase-admin {\"declared\":true,\"installed\":true,\"version\":\"9.4.2\",\"resolution\":\"/Users/t_negishi/work/backend/functions/node_modules/firebase-admin/lib/index.js\"}"}}
[debug] [2021-01-02T17:13:14.574Z] [runtime-status] [91802] Resolved module firebase-functions {"declared":true,"installed":true,"version":"3.13.0","resolution":"/Users/t_negishi/work/backend/functions/node_modules/firebase-functions/lib/index.js"} {"metadata":{"emulator":{"name":"functions"},"message":"[runtime-status] [91802] Resolved module firebase-functions {\"declared\":true,\"installed\":true,\"version\":\"3.13.0\",\"resolution\":\"/Users/t_negishi/work/backend/functions/node_modules/firebase-functions/lib/index.js\"}"}}
[debug] [2021-01-02T17:13:14.575Z] [runtime-status] [91802] firebase-admin has been stubbed. {"adminResolution":{"declared":true,"installed":true,"version":"9.4.2","resolution":"/Users/t_negishi/work/backend/functions/node_modules/firebase-admin/lib/index.js"}} {"metadata":{"emulator":{"name":"functions"},"message":"[runtime-status] [91802] firebase-admin has been stubbed. {\"adminResolution\":{\"declared\":true,\"installed\":true,\"version\":\"9.4.2\",\"resolution\":\"/Users/t_negishi/work/backend/functions/node_modules/firebase-admin/lib/index.js\"}}"}}
[debug] [2021-01-02T17:13:15.420Z] [runtime-status] [91802] initializeApp(DEFAULT) {"databaseURL":"https://coffeeact-82bb4.firebaseio.com","storageBucket":"coffeeact-82bb4.appspot.com","projectId":"coffeeact-82bb4"} {"metadata":{"emulator":{"name":"functions"},"message":"[runtime-status] [91802] initializeApp(DEFAULT) {\"databaseURL\":\"https://coffeeact-82bb4.firebaseio.com\",\"storageBucket\":\"coffeeact-82bb4.appspot.com\",\"projectId\":\"coffeeact-82bb4\"}"}}
[warn] ⚠  functions: The Cloud Firestore emulator is not running, so calls to Firestore will affect production. {"metadata":{"emulator":{"name":"functions"},"message":"The Cloud Firestore emulator is not running, so calls to Firestore will affect production."}}
[info] ✔  functions[graphql]: http function initialized (http://localhost:5001/coffeeact-82bb4/us-central1/graphql). {"metadata":{"emulator":{"name":"functions"},"message":"\u001b[1mhttp\u001b[22m function initialized (http://localhost:5001/coffeeact-82bb4/us-central1/graphql)."}}
[info] 
┌─────────────────────────────────────────────────────────────┐
│ ✔  All emulators ready! It is now safe to connect your app. │
│ i  View Emulator UI at http://localhost:4000                │
└─────────────────────────────────────────────────────────────┘

┌───────────┬────────────────┬─────────────────────────────────┐
│ Emulator  │ Host:Port      │ View in Emulator UI             │
├───────────┼────────────────┼─────────────────────────────────┤
│ Functions │ localhost:5001 │ http://localhost:4000/functions │
└───────────┴────────────────┴─────────────────────────────────┘
  Emulator Hub running at localhost:4400
  Other reserved ports: 4500

Issues? Report them at https://github.com/firebase/firebase-tools/issues and attach the *-debug.log files.
 
[debug] [2021-01-02T17:13:16.090Z] [worker-~diagnostic~-378e61d8-b748-48bb-b7d1-2bbe1c160779]: IDLE {"metadata":{"emulator":{"name":"functions"},"message":"[worker-~diagnostic~-378e61d8-b748-48bb-b7d1-2bbe1c160779]: IDLE"}}
[debug] [2021-01-02T17:13:20.246Z] [work-queue] {"queueLength":1,"workRunningCount":0}
[debug] [2021-01-02T17:13:20.247Z] [work-queue] {"queueLength":0,"workRunningCount":1}
[debug] [2021-01-02T17:13:20.247Z] Accepted request GET /coffeeact-82bb4/us-central1/graphql --> graphql
[debug] [2021-01-02T17:13:20.266Z] [worker-pool] addWorker(graphql) {"metadata":{"emulator":{"name":"functions"},"message":"[worker-pool] addWorker(graphql)"}}
[debug] [2021-01-02T17:13:20.267Z] [worker-pool] Adding worker with key graphql, total=1 {"metadata":{"emulator":{"name":"functions"},"message":"[worker-pool] Adding worker with key graphql, total=1"}}
[debug] [2021-01-02T17:13:20.267Z] [worker-pool] submitWork(triggerId=graphql) {"metadata":{"emulator":{"name":"functions"},"message":"[worker-pool] submitWork(triggerId=graphql)"}}
[debug] [2021-01-02T17:13:20.267Z] [worker-graphql-2b02f285-022c-423c-a78f-67a2a3d687d1]: Assigning socketPath: /var/folders/s1/sp28vg0j2cn5gqmy80p6571w0000gn/T/fire_emu_91806.sock {"metadata":{"emulator":{"name":"functions"},"message":"[worker-graphql-2b02f285-022c-423c-a78f-67a2a3d687d1]: Assigning socketPath: /var/folders/s1/sp28vg0j2cn5gqmy80p6571w0000gn/T/fire_emu_91806.sock"}}
[debug] [2021-01-02T17:13:20.267Z] [worker-graphql-2b02f285-022c-423c-a78f-67a2a3d687d1]: BUSY {"metadata":{"emulator":{"name":"functions"},"message":"[worker-graphql-2b02f285-022c-423c-a78f-67a2a3d687d1]: BUSY"}}
[debug] [2021-01-02T17:13:21.000Z] [runtime-status] [91806] Functions runtime initialized. {"cwd":"/Users/t_negishi/work/backend/functions","node_version":"12.14.0"} {"metadata":{"emulator":{"name":"functions"},"function":{"name":"graphql"},"message":"[runtime-status] [91806] Functions runtime initialized. {\"cwd\":\"/Users/t_negishi/work/backend/functions\",\"node_version\":\"12.14.0\"}"}}
[debug] [2021-01-02T17:13:21.001Z] [runtime-status] [91806] Disabled runtime features: undefined {"metadata":{"emulator":{"name":"functions"},"function":{"name":"graphql"},"message":"[runtime-status] [91806] Disabled runtime features: undefined"}}
[debug] [2021-01-02T17:13:21.003Z] [runtime-status] [91806] Resolved module firebase-admin {"declared":true,"installed":true,"version":"9.4.2","resolution":"/Users/t_negishi/work/backend/functions/node_modules/firebase-admin/lib/index.js"} {"metadata":{"emulator":{"name":"functions"},"function":{"name":"graphql"},"message":"[runtime-status] [91806] Resolved module firebase-admin {\"declared\":true,\"installed\":true,\"version\":\"9.4.2\",\"resolution\":\"/Users/t_negishi/work/backend/functions/node_modules/firebase-admin/lib/index.js\"}"}}
[debug] [2021-01-02T17:13:21.005Z] [runtime-status] [91806] Resolved module firebase-functions {"declared":true,"installed":true,"version":"3.13.0","resolution":"/Users/t_negishi/work/backend/functions/node_modules/firebase-functions/lib/index.js"} {"metadata":{"emulator":{"name":"functions"},"function":{"name":"graphql"},"message":"[runtime-status] [91806] Resolved module firebase-functions {\"declared\":true,\"installed\":true,\"version\":\"3.13.0\",\"resolution\":\"/Users/t_negishi/work/backend/functions/node_modules/firebase-functions/lib/index.js\"}"}}
[debug] [2021-01-02T17:13:21.006Z] [runtime-status] [91806] Resolved module firebase-functions {"declared":true,"installed":true,"version":"3.13.0","resolution":"/Users/t_negishi/work/backend/functions/node_modules/firebase-functions/lib/index.js"} {"metadata":{"emulator":{"name":"functions"},"function":{"name":"graphql"},"message":"[runtime-status] [91806] Resolved module firebase-functions {\"declared\":true,\"installed\":true,\"version\":\"3.13.0\",\"resolution\":\"/Users/t_negishi/work/backend/functions/node_modules/firebase-functions/lib/index.js\"}"}}
[debug] [2021-01-02T17:13:21.009Z] [runtime-status] [91806] Outgoing network have been stubbed. [{"name":"http","status":"mocked"},{"name":"http","status":"mocked"},{"name":"https","status":"mocked"},{"name":"https","status":"mocked"},{"name":"net","status":"mocked"}] {"metadata":{"emulator":{"name":"functions"},"function":{"name":"graphql"},"message":"[runtime-status] [91806] Outgoing network have been stubbed. [{\"name\":\"http\",\"status\":\"mocked\"},{\"name\":\"http\",\"status\":\"mocked\"},{\"name\":\"https\",\"status\":\"mocked\"},{\"name\":\"https\",\"status\":\"mocked\"},{\"name\":\"net\",\"status\":\"mocked\"}]"}}
[debug] [2021-01-02T17:13:21.010Z] [runtime-status] [91806] Resolved module firebase-functions {"declared":true,"installed":true,"version":"3.13.0","resolution":"/Users/t_negishi/work/backend/functions/node_modules/firebase-functions/lib/index.js"} {"metadata":{"emulator":{"name":"functions"},"function":{"name":"graphql"},"message":"[runtime-status] [91806] Resolved module firebase-functions {\"declared\":true,\"installed\":true,\"version\":\"3.13.0\",\"resolution\":\"/Users/t_negishi/work/backend/functions/node_modules/firebase-functions/lib/index.js\"}"}}
[debug] [2021-01-02T17:13:21.075Z] [runtime-status] [91806] Checked functions.config() {"config":{}} {"metadata":{"emulator":{"name":"functions"},"function":{"name":"graphql"},"message":"[runtime-status] [91806] Checked functions.config() {\"config\":{}}"}}
[debug] [2021-01-02T17:13:21.075Z] [runtime-status] [91806] firebase-functions has been stubbed. {"functionsResolution":{"declared":true,"installed":true,"version":"3.13.0","resolution":"/Users/t_negishi/work/backend/functions/node_modules/firebase-functions/lib/index.js"}} {"metadata":{"emulator":{"name":"functions"},"function":{"name":"graphql"},"message":"[runtime-status] [91806] firebase-functions has been stubbed. {\"functionsResolution\":{\"declared\":true,\"installed\":true,\"version\":\"3.13.0\",\"resolution\":\"/Users/t_negishi/work/backend/functions/node_modules/firebase-functions/lib/index.js\"}}"}}
[debug] [2021-01-02T17:13:21.076Z] [runtime-status] [91806] Resolved module firebase-functions {"declared":true,"installed":true,"version":"3.13.0","resolution":"/Users/t_negishi/work/backend/functions/node_modules/firebase-functions/lib/index.js"} {"metadata":{"emulator":{"name":"functions"},"function":{"name":"graphql"},"message":"[runtime-status] [91806] Resolved module firebase-functions {\"declared\":true,\"installed\":true,\"version\":\"3.13.0\",\"resolution\":\"/Users/t_negishi/work/backend/functions/node_modules/firebase-functions/lib/index.js\"}"}}
[debug] [2021-01-02T17:13:21.076Z] [runtime-status] [91806] Resolved module firebase-admin {"declared":true,"installed":true,"version":"9.4.2","resolution":"/Users/t_negishi/work/backend/functions/node_modules/firebase-admin/lib/index.js"} {"metadata":{"emulator":{"name":"functions"},"function":{"name":"graphql"},"message":"[runtime-status] [91806] Resolved module firebase-admin {\"declared\":true,\"installed\":true,\"version\":\"9.4.2\",\"resolution\":\"/Users/t_negishi/work/backend/functions/node_modules/firebase-admin/lib/index.js\"}"}}
[debug] [2021-01-02T17:13:21.077Z] [runtime-status] [91806] Resolved module firebase-functions {"declared":true,"installed":true,"version":"3.13.0","resolution":"/Users/t_negishi/work/backend/functions/node_modules/firebase-functions/lib/index.js"} {"metadata":{"emulator":{"name":"functions"},"function":{"name":"graphql"},"message":"[runtime-status] [91806] Resolved module firebase-functions {\"declared\":true,\"installed\":true,\"version\":\"3.13.0\",\"resolution\":\"/Users/t_negishi/work/backend/functions/node_modules/firebase-functions/lib/index.js\"}"}}
[debug] [2021-01-02T17:13:21.077Z] [runtime-status] [91806] firebase-admin has been stubbed. {"adminResolution":{"declared":true,"installed":true,"version":"9.4.2","resolution":"/Users/t_negishi/work/backend/functions/node_modules/firebase-admin/lib/index.js"}} {"metadata":{"emulator":{"name":"functions"},"function":{"name":"graphql"},"message":"[runtime-status] [91806] firebase-admin has been stubbed. {\"adminResolution\":{\"declared\":true,\"installed\":true,\"version\":\"9.4.2\",\"resolution\":\"/Users/t_negishi/work/backend/functions/node_modules/firebase-admin/lib/index.js\"}}"}}
[debug] [2021-01-02T17:13:22.127Z] [runtime-status] [91806] initializeApp(DEFAULT) {"databaseURL":"https://coffeeact-82bb4.firebaseio.com","storageBucket":"coffeeact-82bb4.appspot.com","projectId":"coffeeact-82bb4"} {"metadata":{"emulator":{"name":"functions"},"function":{"name":"graphql"},"message":"[runtime-status] [91806] initializeApp(DEFAULT) {\"databaseURL\":\"https://coffeeact-82bb4.firebaseio.com\",\"storageBucket\":\"coffeeact-82bb4.appspot.com\",\"projectId\":\"coffeeact-82bb4\"}"}}
[debug] [2021-01-02T17:13:22.716Z] [runtime-status] [91806] Trigger "graphql" has been found, beginning invocation! {"metadata":{"emulator":{"name":"functions"},"function":{"name":"graphql"},"message":"[runtime-status] [91806] Trigger \"graphql\" has been found, beginning invocation!"}}
[info] i  functions: Beginning execution of "graphql" {"metadata":{"emulator":{"name":"functions"},"function":{"name":"graphql"},"message":"Beginning execution of \"graphql\""}}
[debug] [2021-01-02T17:13:22.717Z] [runtime-status] [91806] triggerDefinition {"httpsTrigger":{},"name":"graphql","entryPoint":"graphql"} {"metadata":{"emulator":{"name":"functions"},"function":{"name":"graphql"},"message":"[runtime-status] [91806] triggerDefinition {\"httpsTrigger\":{},\"name\":\"graphql\",\"entryPoint\":\"graphql\"}"}}
[debug] [2021-01-02T17:13:22.717Z] [runtime-status] [91806] Running graphql in mode HTTPS {"metadata":{"emulator":{"name":"functions"},"function":{"name":"graphql"},"message":"[runtime-status] [91806] Running graphql in mode HTTPS"}}
[debug] [2021-01-02T17:13:22.724Z] [runtime-status] [91806] Attempting to listen to socketPath: /var/folders/s1/sp28vg0j2cn5gqmy80p6571w0000gn/T/fire_emu_91806.sock {"metadata":{"emulator":{"name":"functions"},"function":{"name":"graphql"},"message":"[runtime-status] [91806] Attempting to listen to socketPath: /var/folders/s1/sp28vg0j2cn5gqmy80p6571w0000gn/T/fire_emu_91806.sock"}}
[debug] [2021-01-02T17:13:22.728Z] [functions] Runtime ready! Sending request! {"metadata":{"emulator":{"name":"functions"},"message":"[functions] Runtime ready! Sending request!"}}
[debug] [2021-01-02T17:13:22.740Z] [runtime-status] [91806] Ephemeral server handling GET request {"metadata":{"emulator":{"name":"functions"},"function":{"name":"graphql"},"message":"[runtime-status] [91806] Ephemeral server handling GET request"}}
[info] >  WARNING: You didn't provide an endpoint and don't have a .graphqlconfig. Make sure you have at least one of them. {"user":"WARNING: You didn't provide an endpoint and don't have a .graphqlconfig. Make sure you have at least one of them.","metadata":{"emulator":{"name":"functions"},"function":{"name":"graphql"},"message":"\u001b[90m> \u001b[39m WARNING: You didn't provide an endpoint and don't have a .graphqlconfig. Make sure you have at least one of them."}}
[debug] [2021-01-02T17:13:22.749Z] [runtime-status] [91806] Ephemeral server survived. {"metadata":{"emulator":{"name":"functions"},"function":{"name":"graphql"},"message":"[runtime-status] [91806] Ephemeral server survived."}}
[info] i  functions: Finished "graphql" in ~1s {"metadata":{"emulator":{"name":"functions"},"function":{"name":"graphql"},"message":"Finished \"graphql\" in ~1s"}}
[debug] [2021-01-02T17:13:22.758Z] [worker-graphql-2b02f285-022c-423c-a78f-67a2a3d687d1]: IDLE {"metadata":{"emulator":{"name":"functions"},"message":"[worker-graphql-2b02f285-022c-423c-a78f-67a2a3d687d1]: IDLE"}}
[debug] [2021-01-02T17:13:22.759Z] [work-queue] {"queueLength":0,"workRunningCount":0}
[debug] [2021-01-02T17:13:24.079Z] [work-queue] {"queueLength":1,"workRunningCount":0}
[debug] [2021-01-02T17:13:24.079Z] [work-queue] {"queueLength":0,"workRunningCount":1}
[debug] [2021-01-02T17:13:24.079Z] Accepted request POST /coffeeact-82bb4/us-central1/graphql --> graphql
[debug] [2021-01-02T17:13:24.079Z] [worker-pool] submitWork(triggerId=graphql) {"metadata":{"emulator":{"name":"functions"},"message":"[worker-pool] submitWork(triggerId=graphql)"}}
[debug] [2021-01-02T17:13:24.080Z] [worker-graphql-2b02f285-022c-423c-a78f-67a2a3d687d1]: Assigning socketPath: /var/folders/s1/sp28vg0j2cn5gqmy80p6571w0000gn/T/fire_emu_91806.sock {"metadata":{"emulator":{"name":"functions"},"message":"[worker-graphql-2b02f285-022c-423c-a78f-67a2a3d687d1]: Assigning socketPath: /var/folders/s1/sp28vg0j2cn5gqmy80p6571w0000gn/T/fire_emu_91806.sock"}}
[debug] [2021-01-02T17:13:24.080Z] [worker-graphql-2b02f285-022c-423c-a78f-67a2a3d687d1]: BUSY {"metadata":{"emulator":{"name":"functions"},"message":"[worker-graphql-2b02f285-022c-423c-a78f-67a2a3d687d1]: BUSY"}}
[debug] [2021-01-02T17:13:24.081Z] [runtime-status] [91806] Trigger "graphql" has been found, beginning invocation! {"metadata":{"emulator":{"name":"functions"},"function":{"name":"graphql"},"message":"[runtime-status] [91806] Trigger \"graphql\" has been found, beginning invocation!"}}
[info] i  functions: Beginning execution of "graphql" {"metadata":{"emulator":{"name":"functions"},"function":{"name":"graphql"},"message":"Beginning execution of \"graphql\""}}
[debug] [2021-01-02T17:13:24.082Z] [runtime-status] [91806] triggerDefinition {"httpsTrigger":{},"name":"graphql","entryPoint":"graphql"} {"metadata":{"emulator":{"name":"functions"},"function":{"name":"graphql"},"message":"[runtime-status] [91806] triggerDefinition {\"httpsTrigger\":{},\"name\":\"graphql\",\"entryPoint\":\"graphql\"}"}}
[debug] [2021-01-02T17:13:24.082Z] [runtime-status] [91806] Running graphql in mode HTTPS {"metadata":{"emulator":{"name":"functions"},"function":{"name":"graphql"},"message":"[runtime-status] [91806] Running graphql in mode HTTPS"}}
[debug] [2021-01-02T17:13:24.083Z] [runtime-status] [91806] Attempting to listen to socketPath: /var/folders/s1/sp28vg0j2cn5gqmy80p6571w0000gn/T/fire_emu_91806.sock {"metadata":{"emulator":{"name":"functions"},"function":{"name":"graphql"},"message":"[runtime-status] [91806] Attempting to listen to socketPath: /var/folders/s1/sp28vg0j2cn5gqmy80p6571w0000gn/T/fire_emu_91806.sock"}}
[debug] [2021-01-02T17:13:24.085Z] [functions] Runtime ready! Sending request! {"metadata":{"emulator":{"name":"functions"},"message":"[functions] Runtime ready! Sending request!"}}
[debug] [2021-01-02T17:13:24.143Z] [runtime-status] [91806] Ephemeral server handling POST request {"metadata":{"emulator":{"name":"functions"},"function":{"name":"graphql"},"message":"[runtime-status] [91806] Ephemeral server handling POST request"}}
[debug] [2021-01-02T17:13:24.144Z] [runtime-status] [91806] Ephemeral server survived. {"metadata":{"emulator":{"name":"functions"},"function":{"name":"graphql"},"message":"[runtime-status] [91806] Ephemeral server survived."}}
[info] i  functions: Finished "graphql" in ~1s {"metadata":{"emulator":{"name":"functions"},"function":{"name":"graphql"},"message":"Finished \"graphql\" in ~1s"}}
[debug] [2021-01-02T17:13:24.180Z] [worker-graphql-2b02f285-022c-423c-a78f-67a2a3d687d1]: IDLE {"metadata":{"emulator":{"name":"functions"},"message":"[worker-graphql-2b02f285-022c-423c-a78f-67a2a3d687d1]: IDLE"}}
[debug] [2021-01-02T17:13:24.181Z] [work-queue] {"queueLength":0,"workRunningCount":0}
[debug] [2021-01-02T17:13:24.364Z] [work-queue] {"queueLength":1,"workRunningCount":0}
[debug] [2021-01-02T17:13:24.365Z] [work-queue] {"queueLength":0,"workRunningCount":1}
[debug] [2021-01-02T17:13:24.365Z] Accepted request POST /coffeeact-82bb4/us-central1/graphql --> graphql
[debug] [2021-01-02T17:13:24.365Z] [worker-pool] submitWork(triggerId=graphql) {"metadata":{"emulator":{"name":"functions"},"message":"[worker-pool] submitWork(triggerId=graphql)"}}
[debug] [2021-01-02T17:13:24.365Z] [worker-graphql-2b02f285-022c-423c-a78f-67a2a3d687d1]: Assigning socketPath: /var/folders/s1/sp28vg0j2cn5gqmy80p6571w0000gn/T/fire_emu_91806.sock {"metadata":{"emulator":{"name":"functions"},"message":"[worker-graphql-2b02f285-022c-423c-a78f-67a2a3d687d1]: Assigning socketPath: /var/folders/s1/sp28vg0j2cn5gqmy80p6571w0000gn/T/fire_emu_91806.sock"}}
[debug] [2021-01-02T17:13:24.366Z] [worker-graphql-2b02f285-022c-423c-a78f-67a2a3d687d1]: BUSY {"metadata":{"emulator":{"name":"functions"},"message":"[worker-graphql-2b02f285-022c-423c-a78f-67a2a3d687d1]: BUSY"}}
[debug] [2021-01-02T17:13:24.371Z] [runtime-status] [91806] Trigger "graphql" has been found, beginning invocation! {"metadata":{"emulator":{"name":"functions"},"function":{"name":"graphql"},"message":"[runtime-status] [91806] Trigger \"graphql\" has been found, beginning invocation!"}}
[info] i  functions: Beginning execution of "graphql" {"metadata":{"emulator":{"name":"functions"},"function":{"name":"graphql"},"message":"Beginning execution of \"graphql\""}}
[debug] [2021-01-02T17:13:24.381Z] [runtime-status] [91806] triggerDefinition {"httpsTrigger":{},"name":"graphql","entryPoint":"graphql"} {"metadata":{"emulator":{"name":"functions"},"function":{"name":"graphql"},"message":"[runtime-status] [91806] triggerDefinition {\"httpsTrigger\":{},\"name\":\"graphql\",\"entryPoint\":\"graphql\"}"}}
[debug] [2021-01-02T17:13:24.384Z] [runtime-status] [91806] Running graphql in mode HTTPS {"metadata":{"emulator":{"name":"functions"},"function":{"name":"graphql"},"message":"[runtime-status] [91806] Running graphql in mode HTTPS"}}
[debug] [2021-01-02T17:13:24.386Z] [runtime-status] [91806] Attempting to listen to socketPath: /var/folders/s1/sp28vg0j2cn5gqmy80p6571w0000gn/T/fire_emu_91806.sock {"metadata":{"emulator":{"name":"functions"},"function":{"name":"graphql"},"message":"[runtime-status] [91806] Attempting to listen to socketPath: /var/folders/s1/sp28vg0j2cn5gqmy80p6571w0000gn/T/fire_emu_91806.sock"}}
[debug] [2021-01-02T17:13:24.387Z] [functions] Runtime ready! Sending request! {"metadata":{"emulator":{"name":"functions"},"message":"[functions] Runtime ready! Sending request!"}}
[debug] [2021-01-02T17:13:24.396Z] [runtime-status] [91806] Ephemeral server handling POST request {"metadata":{"emulator":{"name":"functions"},"function":{"name":"graphql"},"message":"[runtime-status] [91806] Ephemeral server handling POST request"}}
[debug] [2021-01-02T17:13:24.406Z] [runtime-status] [91806] Ephemeral server survived. {"metadata":{"emulator":{"name":"functions"},"function":{"name":"graphql"},"message":"[runtime-status] [91806] Ephemeral server survived."}}
[info] i  functions: Finished "graphql" in ~1s {"metadata":{"emulator":{"name":"functions"},"function":{"name":"graphql"},"message":"Finished \"graphql\" in ~1s"}}
[debug] [2021-01-02T17:13:24.482Z] [worker-graphql-2b02f285-022c-423c-a78f-67a2a3d687d1]: IDLE {"metadata":{"emulator":{"name":"functions"},"message":"[worker-graphql-2b02f285-022c-423c-a78f-67a2a3d687d1]: IDLE"}}
[debug] [2021-01-02T17:13:24.483Z] [work-queue] {"queueLength":0,"workRunningCount":0}
[debug] [2021-01-02T17:13:25.349Z] [work-queue] {"queueLength":1,"workRunningCount":0}
[debug] [2021-01-02T17:13:25.349Z] [work-queue] {"queueLength":0,"workRunningCount":1}
[debug] [2021-01-02T17:13:25.349Z] Accepted request POST /coffeeact-82bb4/us-central1/graphql --> graphql
[debug] [2021-01-02T17:13:25.350Z] [worker-pool] submitWork(triggerId=graphql) {"metadata":{"emulator":{"name":"functions"},"message":"[worker-pool] submitWork(triggerId=graphql)"}}
[debug] [2021-01-02T17:13:25.350Z] [worker-graphql-2b02f285-022c-423c-a78f-67a2a3d687d1]: Assigning socketPath: /var/folders/s1/sp28vg0j2cn5gqmy80p6571w0000gn/T/fire_emu_91806.sock {"metadata":{"emulator":{"name":"functions"},"message":"[worker-graphql-2b02f285-022c-423c-a78f-67a2a3d687d1]: Assigning socketPath: /var/folders/s1/sp28vg0j2cn5gqmy80p6571w0000gn/T/fire_emu_91806.sock"}}
[debug] [2021-01-02T17:13:25.351Z] [worker-graphql-2b02f285-022c-423c-a78f-67a2a3d687d1]: BUSY {"metadata":{"emulator":{"name":"functions"},"message":"[worker-graphql-2b02f285-022c-423c-a78f-67a2a3d687d1]: BUSY"}}
[debug] [2021-01-02T17:13:25.353Z] [runtime-status] [91806] Trigger "graphql" has been found, beginning invocation! {"metadata":{"emulator":{"name":"functions"},"function":{"name":"graphql"},"message":"[runtime-status] [91806] Trigger \"graphql\" has been found, beginning invocation!"}}
[info] i  functions: Beginning execution of "graphql" {"metadata":{"emulator":{"name":"functions"},"function":{"name":"graphql"},"message":"Beginning execution of \"graphql\""}}
[debug] [2021-01-02T17:13:25.354Z] [runtime-status] [91806] triggerDefinition {"httpsTrigger":{},"name":"graphql","entryPoint":"graphql"} {"metadata":{"emulator":{"name":"functions"},"function":{"name":"graphql"},"message":"[runtime-status] [91806] triggerDefinition {\"httpsTrigger\":{},\"name\":\"graphql\",\"entryPoint\":\"graphql\"}"}}
[debug] [2021-01-02T17:13:25.354Z] [runtime-status] [91806] Running graphql in mode HTTPS {"metadata":{"emulator":{"name":"functions"},"function":{"name":"graphql"},"message":"[runtime-status] [91806] Running graphql in mode HTTPS"}}
[debug] [2021-01-02T17:13:25.354Z] [runtime-status] [91806] Attempting to listen to socketPath: /var/folders/s1/sp28vg0j2cn5gqmy80p6571w0000gn/T/fire_emu_91806.sock {"metadata":{"emulator":{"name":"functions"},"function":{"name":"graphql"},"message":"[runtime-status] [91806] Attempting to listen to socketPath: /var/folders/s1/sp28vg0j2cn5gqmy80p6571w0000gn/T/fire_emu_91806.sock"}}
[debug] [2021-01-02T17:13:25.356Z] [functions] Runtime ready! Sending request! {"metadata":{"emulator":{"name":"functions"},"message":"[functions] Runtime ready! Sending request!"}}
[debug] [2021-01-02T17:13:25.362Z] [runtime-status] [91806] Ephemeral server handling POST request {"metadata":{"emulator":{"name":"functions"},"function":{"name":"graphql"},"message":"[runtime-status] [91806] Ephemeral server handling POST request"}}
[debug] [2021-01-02T17:13:25.362Z] [runtime-status] [91806] Ephemeral server survived. {"metadata":{"emulator":{"name":"functions"},"function":{"name":"graphql"},"message":"[runtime-status] [91806] Ephemeral server survived."}}
[debug] [2021-01-02T17:13:25.493Z] [work-queue] {"queueLength":1,"workRunningCount":1}
[debug] [2021-01-02T17:13:25.494Z] [work-queue] {"queueLength":0,"workRunningCount":2}
[debug] [2021-01-02T17:13:25.495Z] Accepted request POST /coffeeact-82bb4/us-central1/graphql --> graphql
[debug] [2021-01-02T17:13:25.509Z] [worker-pool] addWorker(graphql) {"metadata":{"emulator":{"name":"functions"},"message":"[worker-pool] addWorker(graphql)"}}
[debug] [2021-01-02T17:13:25.510Z] [worker-pool] Adding worker with key graphql, total=2 {"metadata":{"emulator":{"name":"functions"},"message":"[worker-pool] Adding worker with key graphql, total=2"}}
[debug] [2021-01-02T17:13:25.510Z] [worker-pool] submitWork(triggerId=graphql) {"metadata":{"emulator":{"name":"functions"},"message":"[worker-pool] submitWork(triggerId=graphql)"}}
[debug] [2021-01-02T17:13:25.510Z] [worker-graphql-0a11805b-bf11-4976-b4fc-83dd48999154]: Assigning socketPath: /var/folders/s1/sp28vg0j2cn5gqmy80p6571w0000gn/T/fire_emu_91807.sock {"metadata":{"emulator":{"name":"functions"},"message":"[worker-graphql-0a11805b-bf11-4976-b4fc-83dd48999154]: Assigning socketPath: /var/folders/s1/sp28vg0j2cn5gqmy80p6571w0000gn/T/fire_emu_91807.sock"}}
[debug] [2021-01-02T17:13:25.510Z] [worker-graphql-0a11805b-bf11-4976-b4fc-83dd48999154]: BUSY {"metadata":{"emulator":{"name":"functions"},"message":"[worker-graphql-0a11805b-bf11-4976-b4fc-83dd48999154]: BUSY"}}
[warn] ⚠  Google API requested!
   - URL: "https://oauth2.googleapis.com/token"
   - Be careful, this may be a production service. {"metadata":{"emulator":{"name":"functions"},"function":{"name":"graphql"},"message":"Google API requested!\n   - URL: \"https://oauth2.googleapis.com/token\"\n   - Be careful, this may be a production service."}}
[debug] [2021-01-02T17:13:26.796Z] [runtime-status] [91807] Functions runtime initialized. {"cwd":"/Users/t_negishi/work/backend/functions","node_version":"12.14.0"} {"metadata":{"emulator":{"name":"functions"},"function":{"name":"graphql"},"message":"[runtime-status] [91807] Functions runtime initialized. {\"cwd\":\"/Users/t_negishi/work/backend/functions\",\"node_version\":\"12.14.0\"}"}}
[debug] [2021-01-02T17:13:26.811Z] [runtime-status] [91807] Disabled runtime features: undefined {"metadata":{"emulator":{"name":"functions"},"function":{"name":"graphql"},"message":"[runtime-status] [91807] Disabled runtime features: undefined"}}
[debug] [2021-01-02T17:13:26.816Z] [runtime-status] [91807] Resolved module firebase-admin {"declared":true,"installed":true,"version":"9.4.2","resolution":"/Users/t_negishi/work/backend/functions/node_modules/firebase-admin/lib/index.js"} {"metadata":{"emulator":{"name":"functions"},"function":{"name":"graphql"},"message":"[runtime-status] [91807] Resolved module firebase-admin {\"declared\":true,\"installed\":true,\"version\":\"9.4.2\",\"resolution\":\"/Users/t_negishi/work/backend/functions/node_modules/firebase-admin/lib/index.js\"}"}}
[debug] [2021-01-02T17:13:26.829Z] [runtime-status] [91807] Resolved module firebase-functions {"declared":true,"installed":true,"version":"3.13.0","resolution":"/Users/t_negishi/work/backend/functions/node_modules/firebase-functions/lib/index.js"} {"metadata":{"emulator":{"name":"functions"},"function":{"name":"graphql"},"message":"[runtime-status] [91807] Resolved module firebase-functions {\"declared\":true,\"installed\":true,\"version\":\"3.13.0\",\"resolution\":\"/Users/t_negishi/work/backend/functions/node_modules/firebase-functions/lib/index.js\"}"}}
[debug] [2021-01-02T17:13:26.831Z] [runtime-status] [91807] Resolved module firebase-functions {"declared":true,"installed":true,"version":"3.13.0","resolution":"/Users/t_negishi/work/backend/functions/node_modules/firebase-functions/lib/index.js"} {"metadata":{"emulator":{"name":"functions"},"function":{"name":"graphql"},"message":"[runtime-status] [91807] Resolved module firebase-functions {\"declared\":true,\"installed\":true,\"version\":\"3.13.0\",\"resolution\":\"/Users/t_negishi/work/backend/functions/node_modules/firebase-functions/lib/index.js\"}"}}
[debug] [2021-01-02T17:13:26.834Z] [runtime-status] [91807] Outgoing network have been stubbed. [{"name":"http","status":"mocked"},{"name":"http","status":"mocked"},{"name":"https","status":"mocked"},{"name":"https","status":"mocked"},{"name":"net","status":"mocked"}] {"metadata":{"emulator":{"name":"functions"},"function":{"name":"graphql"},"message":"[runtime-status] [91807] Outgoing network have been stubbed. [{\"name\":\"http\",\"status\":\"mocked\"},{\"name\":\"http\",\"status\":\"mocked\"},{\"name\":\"https\",\"status\":\"mocked\"},{\"name\":\"https\",\"status\":\"mocked\"},{\"name\":\"net\",\"status\":\"mocked\"}]"}}
[debug] [2021-01-02T17:13:26.836Z] [runtime-status] [91807] Resolved module firebase-functions {"declared":true,"installed":true,"version":"3.13.0","resolution":"/Users/t_negishi/work/backend/functions/node_modules/firebase-functions/lib/index.js"} {"metadata":{"emulator":{"name":"functions"},"function":{"name":"graphql"},"message":"[runtime-status] [91807] Resolved module firebase-functions {\"declared\":true,\"installed\":true,\"version\":\"3.13.0\",\"resolution\":\"/Users/t_negishi/work/backend/functions/node_modules/firebase-functions/lib/index.js\"}"}}
[debug] [2021-01-02T17:13:27.016Z] [runtime-status] [91807] Checked functions.config() {"config":{}} {"metadata":{"emulator":{"name":"functions"},"function":{"name":"graphql"},"message":"[runtime-status] [91807] Checked functions.config() {\"config\":{}}"}}
[debug] [2021-01-02T17:13:27.017Z] [runtime-status] [91807] firebase-functions has been stubbed. {"functionsResolution":{"declared":true,"installed":true,"version":"3.13.0","resolution":"/Users/t_negishi/work/backend/functions/node_modules/firebase-functions/lib/index.js"}} {"metadata":{"emulator":{"name":"functions"},"function":{"name":"graphql"},"message":"[runtime-status] [91807] firebase-functions has been stubbed. {\"functionsResolution\":{\"declared\":true,\"installed\":true,\"version\":\"3.13.0\",\"resolution\":\"/Users/t_negishi/work/backend/functions/node_modules/firebase-functions/lib/index.js\"}}"}}
[debug] [2021-01-02T17:13:27.020Z] [runtime-status] [91807] Resolved module firebase-functions {"declared":true,"installed":true,"version":"3.13.0","resolution":"/Users/t_negishi/work/backend/functions/node_modules/firebase-functions/lib/index.js"} {"metadata":{"emulator":{"name":"functions"},"function":{"name":"graphql"},"message":"[runtime-status] [91807] Resolved module firebase-functions {\"declared\":true,\"installed\":true,\"version\":\"3.13.0\",\"resolution\":\"/Users/t_negishi/work/backend/functions/node_modules/firebase-functions/lib/index.js\"}"}}
[debug] [2021-01-02T17:13:27.026Z] [runtime-status] [91807] Resolved module firebase-admin {"declared":true,"installed":true,"version":"9.4.2","resolution":"/Users/t_negishi/work/backend/functions/node_modules/firebase-admin/lib/index.js"} {"metadata":{"emulator":{"name":"functions"},"function":{"name":"graphql"},"message":"[runtime-status] [91807] Resolved module firebase-admin {\"declared\":true,\"installed\":true,\"version\":\"9.4.2\",\"resolution\":\"/Users/t_negishi/work/backend/functions/node_modules/firebase-admin/lib/index.js\"}"}}
[debug] [2021-01-02T17:13:27.026Z] [runtime-status] [91807] Resolved module firebase-functions {"declared":true,"installed":true,"version":"3.13.0","resolution":"/Users/t_negishi/work/backend/functions/node_modules/firebase-functions/lib/index.js"} {"metadata":{"emulator":{"name":"functions"},"function":{"name":"graphql"},"message":"[runtime-status] [91807] Resolved module firebase-functions {\"declared\":true,\"installed\":true,\"version\":\"3.13.0\",\"resolution\":\"/Users/t_negishi/work/backend/functions/node_modules/firebase-functions/lib/index.js\"}"}}
[debug] [2021-01-02T17:13:27.027Z] [runtime-status] [91807] firebase-admin has been stubbed. {"adminResolution":{"declared":true,"installed":true,"version":"9.4.2","resolution":"/Users/t_negishi/work/backend/functions/node_modules/firebase-admin/lib/index.js"}} {"metadata":{"emulator":{"name":"functions"},"function":{"name":"graphql"},"message":"[runtime-status] [91807] firebase-admin has been stubbed. {\"adminResolution\":{\"declared\":true,\"installed\":true,\"version\":\"9.4.2\",\"resolution\":\"/Users/t_negishi/work/backend/functions/node_modules/firebase-admin/lib/index.js\"}}"}}
[debug] [2021-01-02T17:13:27.494Z] [work-queue] {"queueLength":1,"workRunningCount":2}
[debug] [2021-01-02T17:13:27.494Z] [work-queue] {"queueLength":0,"workRunningCount":3}
[debug] [2021-01-02T17:13:27.494Z] Accepted request POST /coffeeact-82bb4/us-central1/graphql --> graphql
[debug] [2021-01-02T17:13:27.510Z] [worker-pool] addWorker(graphql) {"metadata":{"emulator":{"name":"functions"},"message":"[worker-pool] addWorker(graphql)"}}
[debug] [2021-01-02T17:13:27.511Z] [worker-pool] Adding worker with key graphql, total=3 {"metadata":{"emulator":{"name":"functions"},"message":"[worker-pool] Adding worker with key graphql, total=3"}}
[debug] [2021-01-02T17:13:27.511Z] [worker-pool] submitWork(triggerId=graphql) {"metadata":{"emulator":{"name":"functions"},"message":"[worker-pool] submitWork(triggerId=graphql)"}}
[debug] [2021-01-02T17:13:27.514Z] [worker-graphql-f5cc7d4a-b43c-4009-a072-c4d807c196f1]: Assigning socketPath: /var/folders/s1/sp28vg0j2cn5gqmy80p6571w0000gn/T/fire_emu_91808.sock {"metadata":{"emulator":{"name":"functions"},"message":"[worker-graphql-f5cc7d4a-b43c-4009-a072-c4d807c196f1]: Assigning socketPath: /var/folders/s1/sp28vg0j2cn5gqmy80p6571w0000gn/T/fire_emu_91808.sock"}}
[debug] [2021-01-02T17:13:27.514Z] [worker-graphql-f5cc7d4a-b43c-4009-a072-c4d807c196f1]: BUSY {"metadata":{"emulator":{"name":"functions"},"message":"[worker-graphql-f5cc7d4a-b43c-4009-a072-c4d807c196f1]: BUSY"}}
[info] i  functions: Finished "graphql" in ~2s {"metadata":{"emulator":{"name":"functions"},"function":{"name":"graphql"},"message":"Finished \"graphql\" in ~2s"}}
[debug] [2021-01-02T17:13:28.382Z] [worker-graphql-2b02f285-022c-423c-a78f-67a2a3d687d1]: IDLE {"metadata":{"emulator":{"name":"functions"},"message":"[worker-graphql-2b02f285-022c-423c-a78f-67a2a3d687d1]: IDLE"}}
[debug] [2021-01-02T17:13:28.382Z] [work-queue] {"queueLength":0,"workRunningCount":2}
[debug] [2021-01-02T17:13:28.517Z] [runtime-status] [91807] initializeApp(DEFAULT) {"databaseURL":"https://coffeeact-82bb4.firebaseio.com","storageBucket":"coffeeact-82bb4.appspot.com","projectId":"coffeeact-82bb4"} {"metadata":{"emulator":{"name":"functions"},"function":{"name":"graphql"},"message":"[runtime-status] [91807] initializeApp(DEFAULT) {\"databaseURL\":\"https://coffeeact-82bb4.firebaseio.com\",\"storageBucket\":\"coffeeact-82bb4.appspot.com\",\"projectId\":\"coffeeact-82bb4\"}"}}
[debug] [2021-01-02T17:13:28.778Z] [runtime-status] [91808] Functions runtime initialized. {"cwd":"/Users/t_negishi/work/backend/functions","node_version":"12.14.0"} {"metadata":{"emulator":{"name":"functions"},"function":{"name":"graphql"},"message":"[runtime-status] [91808] Functions runtime initialized. {\"cwd\":\"/Users/t_negishi/work/backend/functions\",\"node_version\":\"12.14.0\"}"}}
[debug] [2021-01-02T17:13:28.789Z] [runtime-status] [91808] Disabled runtime features: undefined {"metadata":{"emulator":{"name":"functions"},"function":{"name":"graphql"},"message":"[runtime-status] [91808] Disabled runtime features: undefined"}}
[debug] [2021-01-02T17:13:28.810Z] [runtime-status] [91808] Resolved module firebase-admin {"declared":true,"installed":true,"version":"9.4.2","resolution":"/Users/t_negishi/work/backend/functions/node_modules/firebase-admin/lib/index.js"} {"metadata":{"emulator":{"name":"functions"},"function":{"name":"graphql"},"message":"[runtime-status] [91808] Resolved module firebase-admin {\"declared\":true,\"installed\":true,\"version\":\"9.4.2\",\"resolution\":\"/Users/t_negishi/work/backend/functions/node_modules/firebase-admin/lib/index.js\"}"}}
[debug] [2021-01-02T17:13:28.815Z] [runtime-status] [91808] Resolved module firebase-functions {"declared":true,"installed":true,"version":"3.13.0","resolution":"/Users/t_negishi/work/backend/functions/node_modules/firebase-functions/lib/index.js"} {"metadata":{"emulator":{"name":"functions"},"function":{"name":"graphql"},"message":"[runtime-status] [91808] Resolved module firebase-functions {\"declared\":true,\"installed\":true,\"version\":\"3.13.0\",\"resolution\":\"/Users/t_negishi/work/backend/functions/node_modules/firebase-functions/lib/index.js\"}"}}
[debug] [2021-01-02T17:13:28.816Z] [runtime-status] [91808] Resolved module firebase-functions {"declared":true,"installed":true,"version":"3.13.0","resolution":"/Users/t_negishi/work/backend/functions/node_modules/firebase-functions/lib/index.js"} {"metadata":{"emulator":{"name":"functions"},"function":{"name":"graphql"},"message":"[runtime-status] [91808] Resolved module firebase-functions {\"declared\":true,\"installed\":true,\"version\":\"3.13.0\",\"resolution\":\"/Users/t_negishi/work/backend/functions/node_modules/firebase-functions/lib/index.js\"}"}}
[debug] [2021-01-02T17:13:28.836Z] [runtime-status] [91808] Outgoing network have been stubbed. [{"name":"http","status":"mocked"},{"name":"http","status":"mocked"},{"name":"https","status":"mocked"},{"name":"https","status":"mocked"},{"name":"net","status":"mocked"}] {"metadata":{"emulator":{"name":"functions"},"function":{"name":"graphql"},"message":"[runtime-status] [91808] Outgoing network have been stubbed. [{\"name\":\"http\",\"status\":\"mocked\"},{\"name\":\"http\",\"status\":\"mocked\"},{\"name\":\"https\",\"status\":\"mocked\"},{\"name\":\"https\",\"status\":\"mocked\"},{\"name\":\"net\",\"status\":\"mocked\"}]"}}
[debug] [2021-01-02T17:13:28.840Z] [runtime-status] [91808] Resolved module firebase-functions {"declared":true,"installed":true,"version":"3.13.0","resolution":"/Users/t_negishi/work/backend/functions/node_modules/firebase-functions/lib/index.js"} {"metadata":{"emulator":{"name":"functions"},"function":{"name":"graphql"},"message":"[runtime-status] [91808] Resolved module firebase-functions {\"declared\":true,\"installed\":true,\"version\":\"3.13.0\",\"resolution\":\"/Users/t_negishi/work/backend/functions/node_modules/firebase-functions/lib/index.js\"}"}}
[debug] [2021-01-02T17:13:29.019Z] [runtime-status] [91808] Checked functions.config() {"config":{}} {"metadata":{"emulator":{"name":"functions"},"function":{"name":"graphql"},"message":"[runtime-status] [91808] Checked functions.config() {\"config\":{}}"}}
[debug] [2021-01-02T17:13:29.020Z] [runtime-status] [91808] firebase-functions has been stubbed. {"functionsResolution":{"declared":true,"installed":true,"version":"3.13.0","resolution":"/Users/t_negishi/work/backend/functions/node_modules/firebase-functions/lib/index.js"}} {"metadata":{"emulator":{"name":"functions"},"function":{"name":"graphql"},"message":"[runtime-status] [91808] firebase-functions has been stubbed. {\"functionsResolution\":{\"declared\":true,\"installed\":true,\"version\":\"3.13.0\",\"resolution\":\"/Users/t_negishi/work/backend/functions/node_modules/firebase-functions/lib/index.js\"}}"}}
[debug] [2021-01-02T17:13:29.021Z] [runtime-status] [91808] Resolved module firebase-functions {"declared":true,"installed":true,"version":"3.13.0","resolution":"/Users/t_negishi/work/backend/functions/node_modules/firebase-functions/lib/index.js"} {"metadata":{"emulator":{"name":"functions"},"function":{"name":"graphql"},"message":"[runtime-status] [91808] Resolved module firebase-functions {\"declared\":true,\"installed\":true,\"version\":\"3.13.0\",\"resolution\":\"/Users/t_negishi/work/backend/functions/node_modules/firebase-functions/lib/index.js\"}"}}
[debug] [2021-01-02T17:13:29.023Z] [runtime-status] [91808] Resolved module firebase-admin {"declared":true,"installed":true,"version":"9.4.2","resolution":"/Users/t_negishi/work/backend/functions/node_modules/firebase-admin/lib/index.js"} {"metadata":{"emulator":{"name":"functions"},"function":{"name":"graphql"},"message":"[runtime-status] [91808] Resolved module firebase-admin {\"declared\":true,\"installed\":true,\"version\":\"9.4.2\",\"resolution\":\"/Users/t_negishi/work/backend/functions/node_modules/firebase-admin/lib/index.js\"}"}}
[debug] [2021-01-02T17:13:29.023Z] [runtime-status] [91808] Resolved module firebase-functions {"declared":true,"installed":true,"version":"3.13.0","resolution":"/Users/t_negishi/work/backend/functions/node_modules/firebase-functions/lib/index.js"} {"metadata":{"emulator":{"name":"functions"},"function":{"name":"graphql"},"message":"[runtime-status] [91808] Resolved module firebase-functions {\"declared\":true,\"installed\":true,\"version\":\"3.13.0\",\"resolution\":\"/Users/t_negishi/work/backend/functions/node_modules/firebase-functions/lib/index.js\"}"}}
[debug] [2021-01-02T17:13:29.023Z] [runtime-status] [91808] firebase-admin has been stubbed. {"adminResolution":{"declared":true,"installed":true,"version":"9.4.2","resolution":"/Users/t_negishi/work/backend/functions/node_modules/firebase-admin/lib/index.js"}} {"metadata":{"emulator":{"name":"functions"},"function":{"name":"graphql"},"message":"[runtime-status] [91808] firebase-admin has been stubbed. {\"adminResolution\":{\"declared\":true,\"installed\":true,\"version\":\"9.4.2\",\"resolution\":\"/Users/t_negishi/work/backend/functions/node_modules/firebase-admin/lib/index.js\"}}"}}
[debug] [2021-01-02T17:13:29.486Z] [work-queue] {"queueLength":1,"workRunningCount":2}
[debug] [2021-01-02T17:13:29.487Z] [work-queue] {"queueLength":0,"workRunningCount":3}
[debug] [2021-01-02T17:13:29.487Z] Accepted request POST /coffeeact-82bb4/us-central1/graphql --> graphql
[debug] [2021-01-02T17:13:29.487Z] [worker-pool] submitWork(triggerId=graphql) {"metadata":{"emulator":{"name":"functions"},"message":"[worker-pool] submitWork(triggerId=graphql)"}}
[debug] [2021-01-02T17:13:29.488Z] [worker-graphql-2b02f285-022c-423c-a78f-67a2a3d687d1]: Assigning socketPath: /var/folders/s1/sp28vg0j2cn5gqmy80p6571w0000gn/T/fire_emu_91806.sock {"metadata":{"emulator":{"name":"functions"},"message":"[worker-graphql-2b02f285-022c-423c-a78f-67a2a3d687d1]: Assigning socketPath: /var/folders/s1/sp28vg0j2cn5gqmy80p6571w0000gn/T/fire_emu_91806.sock"}}
[debug] [2021-01-02T17:13:29.488Z] [worker-graphql-2b02f285-022c-423c-a78f-67a2a3d687d1]: BUSY {"metadata":{"emulator":{"name":"functions"},"message":"[worker-graphql-2b02f285-022c-423c-a78f-67a2a3d687d1]: BUSY"}}
[debug] [2021-01-02T17:13:29.491Z] [runtime-status] [91806] Trigger "graphql" has been found, beginning invocation! {"metadata":{"emulator":{"name":"functions"},"function":{"name":"graphql"},"message":"[runtime-status] [91806] Trigger \"graphql\" has been found, beginning invocation!"}}
[info] i  functions: Beginning execution of "graphql" {"metadata":{"emulator":{"name":"functions"},"function":{"name":"graphql"},"message":"Beginning execution of \"graphql\""}}
[debug] [2021-01-02T17:13:29.492Z] [runtime-status] [91806] triggerDefinition {"httpsTrigger":{},"name":"graphql","entryPoint":"graphql"} {"metadata":{"emulator":{"name":"functions"},"function":{"name":"graphql"},"message":"[runtime-status] [91806] triggerDefinition {\"httpsTrigger\":{},\"name\":\"graphql\",\"entryPoint\":\"graphql\"}"}}
[debug] [2021-01-02T17:13:29.493Z] [runtime-status] [91806] Running graphql in mode HTTPS {"metadata":{"emulator":{"name":"functions"},"function":{"name":"graphql"},"message":"[runtime-status] [91806] Running graphql in mode HTTPS"}}
[debug] [2021-01-02T17:13:29.493Z] [runtime-status] [91806] Attempting to listen to socketPath: /var/folders/s1/sp28vg0j2cn5gqmy80p6571w0000gn/T/fire_emu_91806.sock {"metadata":{"emulator":{"name":"functions"},"function":{"name":"graphql"},"message":"[runtime-status] [91806] Attempting to listen to socketPath: /var/folders/s1/sp28vg0j2cn5gqmy80p6571w0000gn/T/fire_emu_91806.sock"}}
[debug] [2021-01-02T17:13:29.494Z] [functions] Runtime ready! Sending request! {"metadata":{"emulator":{"name":"functions"},"message":"[functions] Runtime ready! Sending request!"}}
[debug] [2021-01-02T17:13:29.500Z] [runtime-status] [91806] Ephemeral server handling POST request {"metadata":{"emulator":{"name":"functions"},"function":{"name":"graphql"},"message":"[runtime-status] [91806] Ephemeral server handling POST request"}}
[debug] [2021-01-02T17:13:29.500Z] [runtime-status] [91806] Ephemeral server survived. {"metadata":{"emulator":{"name":"functions"},"function":{"name":"graphql"},"message":"[runtime-status] [91806] Ephemeral server survived."}}
[info] i  functions: Finished "graphql" in ~1s {"metadata":{"emulator":{"name":"functions"},"function":{"name":"graphql"},"message":"Finished \"graphql\" in ~1s"}}
[debug] [2021-01-02T17:13:29.510Z] [worker-graphql-2b02f285-022c-423c-a78f-67a2a3d687d1]: IDLE {"metadata":{"emulator":{"name":"functions"},"message":"[worker-graphql-2b02f285-022c-423c-a78f-67a2a3d687d1]: IDLE"}}
[debug] [2021-01-02T17:13:29.510Z] [work-queue] {"queueLength":0,"workRunningCount":2}
[debug] [2021-01-02T17:13:29.595Z] [runtime-status] [91807] Trigger "graphql" has been found, beginning invocation! {"metadata":{"emulator":{"name":"functions"},"function":{"name":"graphql"},"message":"[runtime-status] [91807] Trigger \"graphql\" has been found, beginning invocation!"}}
[info] i  functions: Beginning execution of "graphql" {"metadata":{"emulator":{"name":"functions"},"function":{"name":"graphql"},"message":"Beginning execution of \"graphql\""}}
[debug] [2021-01-02T17:13:29.598Z] [runtime-status] [91807] triggerDefinition {"httpsTrigger":{},"name":"graphql","entryPoint":"graphql"} {"metadata":{"emulator":{"name":"functions"},"function":{"name":"graphql"},"message":"[runtime-status] [91807] triggerDefinition {\"httpsTrigger\":{},\"name\":\"graphql\",\"entryPoint\":\"graphql\"}"}}
[debug] [2021-01-02T17:13:29.608Z] [runtime-status] [91807] Running graphql in mode HTTPS {"metadata":{"emulator":{"name":"functions"},"function":{"name":"graphql"},"message":"[runtime-status] [91807] Running graphql in mode HTTPS"}}
[debug] [2021-01-02T17:13:29.631Z] [runtime-status] [91807] Attempting to listen to socketPath: /var/folders/s1/sp28vg0j2cn5gqmy80p6571w0000gn/T/fire_emu_91807.sock {"metadata":{"emulator":{"name":"functions"},"function":{"name":"graphql"},"message":"[runtime-status] [91807] Attempting to listen to socketPath: /var/folders/s1/sp28vg0j2cn5gqmy80p6571w0000gn/T/fire_emu_91807.sock"}}
[debug] [2021-01-02T17:13:29.665Z] [functions] Runtime ready! Sending request! {"metadata":{"emulator":{"name":"functions"},"message":"[functions] Runtime ready! Sending request!"}}
[debug] [2021-01-02T17:13:29.784Z] [runtime-status] [91807] Ephemeral server handling POST request {"metadata":{"emulator":{"name":"functions"},"function":{"name":"graphql"},"message":"[runtime-status] [91807] Ephemeral server handling POST request"}}
[debug] [2021-01-02T17:13:29.798Z] [runtime-status] [91807] Ephemeral server survived. {"metadata":{"emulator":{"name":"functions"},"function":{"name":"graphql"},"message":"[runtime-status] [91807] Ephemeral server survived."}}
[info] i  functions: Finished "graphql" in ~1s {"metadata":{"emulator":{"name":"functions"},"function":{"name":"graphql"},"message":"Finished \"graphql\" in ~1s"}}
[debug] [2021-01-02T17:13:30.008Z] [worker-graphql-0a11805b-bf11-4976-b4fc-83dd48999154]: IDLE {"metadata":{"emulator":{"name":"functions"},"message":"[worker-graphql-0a11805b-bf11-4976-b4fc-83dd48999154]: IDLE"}}
[debug] [2021-01-02T17:13:30.008Z] [work-queue] {"queueLength":0,"workRunningCount":1}
[debug] [2021-01-02T17:13:30.562Z] [runtime-status] [91808] initializeApp(DEFAULT) {"databaseURL":"https://coffeeact-82bb4.firebaseio.com","storageBucket":"coffeeact-82bb4.appspot.com","projectId":"coffeeact-82bb4"} {"metadata":{"emulator":{"name":"functions"},"function":{"name":"graphql"},"message":"[runtime-status] [91808] initializeApp(DEFAULT) {\"databaseURL\":\"https://coffeeact-82bb4.firebaseio.com\",\"storageBucket\":\"coffeeact-82bb4.appspot.com\",\"projectId\":\"coffeeact-82bb4\"}"}}
[debug] [2021-01-02T17:13:31.544Z] [work-queue] {"queueLength":1,"workRunningCount":1}
[debug] [2021-01-02T17:13:31.544Z] [work-queue] {"queueLength":0,"workRunningCount":2}
[debug] [2021-01-02T17:13:31.544Z] Accepted request POST /coffeeact-82bb4/us-central1/graphql --> graphql
[debug] [2021-01-02T17:13:31.545Z] [worker-pool] submitWork(triggerId=graphql) {"metadata":{"emulator":{"name":"functions"},"message":"[worker-pool] submitWork(triggerId=graphql)"}}
[debug] [2021-01-02T17:13:31.545Z] [worker-graphql-2b02f285-022c-423c-a78f-67a2a3d687d1]: Assigning socketPath: /var/folders/s1/sp28vg0j2cn5gqmy80p6571w0000gn/T/fire_emu_91806.sock {"metadata":{"emulator":{"name":"functions"},"message":"[worker-graphql-2b02f285-022c-423c-a78f-67a2a3d687d1]: Assigning socketPath: /var/folders/s1/sp28vg0j2cn5gqmy80p6571w0000gn/T/fire_emu_91806.sock"}}
[debug] [2021-01-02T17:13:31.545Z] [worker-graphql-2b02f285-022c-423c-a78f-67a2a3d687d1]: BUSY {"metadata":{"emulator":{"name":"functions"},"message":"[worker-graphql-2b02f285-022c-423c-a78f-67a2a3d687d1]: BUSY"}}
[debug] [2021-01-02T17:13:31.545Z] [runtime-status] [91806] Trigger "graphql" has been found, beginning invocation! {"metadata":{"emulator":{"name":"functions"},"function":{"name":"graphql"},"message":"[runtime-status] [91806] Trigger \"graphql\" has been found, beginning invocation!"}}
[info] i  functions: Beginning execution of "graphql" {"metadata":{"emulator":{"name":"functions"},"function":{"name":"graphql"},"message":"Beginning execution of \"graphql\""}}
[debug] [2021-01-02T17:13:31.546Z] [runtime-status] [91806] triggerDefinition {"httpsTrigger":{},"name":"graphql","entryPoint":"graphql"} {"metadata":{"emulator":{"name":"functions"},"function":{"name":"graphql"},"message":"[runtime-status] [91806] triggerDefinition {\"httpsTrigger\":{},\"name\":\"graphql\",\"entryPoint\":\"graphql\"}"}}
[debug] [2021-01-02T17:13:31.547Z] [runtime-status] [91806] Running graphql in mode HTTPS {"metadata":{"emulator":{"name":"functions"},"function":{"name":"graphql"},"message":"[runtime-status] [91806] Running graphql in mode HTTPS"}}
[debug] [2021-01-02T17:13:31.547Z] [runtime-status] [91806] Attempting to listen to socketPath: /var/folders/s1/sp28vg0j2cn5gqmy80p6571w0000gn/T/fire_emu_91806.sock {"metadata":{"emulator":{"name":"functions"},"function":{"name":"graphql"},"message":"[runtime-status] [91806] Attempting to listen to socketPath: /var/folders/s1/sp28vg0j2cn5gqmy80p6571w0000gn/T/fire_emu_91806.sock"}}
[debug] [2021-01-02T17:13:31.552Z] [functions] Runtime ready! Sending request! {"metadata":{"emulator":{"name":"functions"},"message":"[functions] Runtime ready! Sending request!"}}
[debug] [2021-01-02T17:13:31.559Z] [runtime-status] [91806] Ephemeral server handling POST request {"metadata":{"emulator":{"name":"functions"},"function":{"name":"graphql"},"message":"[runtime-status] [91806] Ephemeral server handling POST request"}}
[debug] [2021-01-02T17:13:31.560Z] [runtime-status] [91806] Ephemeral server survived. {"metadata":{"emulator":{"name":"functions"},"function":{"name":"graphql"},"message":"[runtime-status] [91806] Ephemeral server survived."}}
[info] i  functions: Finished "graphql" in ~1s {"metadata":{"emulator":{"name":"functions"},"function":{"name":"graphql"},"message":"Finished \"graphql\" in ~1s"}}
[debug] [2021-01-02T17:13:31.577Z] [worker-graphql-2b02f285-022c-423c-a78f-67a2a3d687d1]: IDLE {"metadata":{"emulator":{"name":"functions"},"message":"[worker-graphql-2b02f285-022c-423c-a78f-67a2a3d687d1]: IDLE"}}
[debug] [2021-01-02T17:13:31.578Z] [work-queue] {"queueLength":0,"workRunningCount":1}
[debug] [2021-01-02T17:13:31.603Z] [runtime-status] [91808] Trigger "graphql" has been found, beginning invocation! {"metadata":{"emulator":{"name":"functions"},"function":{"name":"graphql"},"message":"[runtime-status] [91808] Trigger \"graphql\" has been found, beginning invocation!"}}
[info] i  functions: Beginning execution of "graphql" {"metadata":{"emulator":{"name":"functions"},"function":{"name":"graphql"},"message":"Beginning execution of \"graphql\""}}
[debug] [2021-01-02T17:13:31.610Z] [runtime-status] [91808] triggerDefinition {"httpsTrigger":{},"name":"graphql","entryPoint":"graphql"} {"metadata":{"emulator":{"name":"functions"},"function":{"name":"graphql"},"message":"[runtime-status] [91808] triggerDefinition {\"httpsTrigger\":{},\"name\":\"graphql\",\"entryPoint\":\"graphql\"}"}}
[debug] [2021-01-02T17:13:31.611Z] [runtime-status] [91808] Running graphql in mode HTTPS {"metadata":{"emulator":{"name":"functions"},"function":{"name":"graphql"},"message":"[runtime-status] [91808] Running graphql in mode HTTPS"}}
[debug] [2021-01-02T17:13:31.636Z] [runtime-status] [91808] Attempting to listen to socketPath: /var/folders/s1/sp28vg0j2cn5gqmy80p6571w0000gn/T/fire_emu_91808.sock {"metadata":{"emulator":{"name":"functions"},"function":{"name":"graphql"},"message":"[runtime-status] [91808] Attempting to listen to socketPath: /var/folders/s1/sp28vg0j2cn5gqmy80p6571w0000gn/T/fire_emu_91808.sock"}}
[debug] [2021-01-02T17:13:31.652Z] [functions] Runtime ready! Sending request! {"metadata":{"emulator":{"name":"functions"},"message":"[functions] Runtime ready! Sending request!"}}
[debug] [2021-01-02T17:13:31.767Z] [runtime-status] [91808] Ephemeral server handling POST request {"metadata":{"emulator":{"name":"functions"},"function":{"name":"graphql"},"message":"[runtime-status] [91808] Ephemeral server handling POST request"}}
[debug] [2021-01-02T17:13:31.782Z] [runtime-status] [91808] Ephemeral server survived. {"metadata":{"emulator":{"name":"functions"},"function":{"name":"graphql"},"message":"[runtime-status] [91808] Ephemeral server survived."}}
[info] i  functions: Finished "graphql" in ~1s {"metadata":{"emulator":{"name":"functions"},"function":{"name":"graphql"},"message":"Finished \"graphql\" in ~1s"}}
[debug] [2021-01-02T17:13:31.971Z] [worker-graphql-f5cc7d4a-b43c-4009-a072-c4d807c196f1]: IDLE {"metadata":{"emulator":{"name":"functions"},"message":"[worker-graphql-f5cc7d4a-b43c-4009-a072-c4d807c196f1]: IDLE"}}
[debug] [2021-01-02T17:13:31.972Z] [work-queue] {"queueLength":0,"workRunningCount":0}
